0 info it worked if it ends with ok
1 verbose cli [ '/usr/local/bin/node', '/usr/local/bin/npm', 'run', 'server' ]
2 info using npm@4.0.5
3 info using node@v4.6.0
4 verbose run-script [ 'preserver', 'server', 'postserver' ]
5 info lifecycle timer_app@1.0.0~preserver: timer_app@1.0.0
6 silly lifecycle timer_app@1.0.0~preserver: no script for preserver, continuing
7 info lifecycle timer_app@1.0.0~server: timer_app@1.0.0
8 verbose lifecycle timer_app@1.0.0~server: unsafe-perm in lifecycle true
9 verbose lifecycle timer_app@1.0.0~server: PATH: /usr/local/lib/node_modules/npm/bin/node-gyp-bin:/Users/pnowak/Documents/workspace/js/learnjs/frameworks/client/react/fullstack-react-code/book-src-code/time_tracking_app/node_modules/.bin:/usr/local/bin:/usr/bin:/bin:/usr/sbin:/sbin
10 verbose lifecycle timer_app@1.0.0~server: CWD: /Users/pnowak/Documents/workspace/js/learnjs/frameworks/client/react/fullstack-react-code/book-src-code/time_tracking_app
11 silly lifecycle timer_app@1.0.0~server: Args: [ '-c', 'babel-node server.js' ]
12 silly lifecycle timer_app@1.0.0~server: Returned: code: 1  signal: null
13 info lifecycle timer_app@1.0.0~server: Failed to exec server script
14 verbose stack Error: timer_app@1.0.0 server: `babel-node server.js`
14 verbose stack Exit status 1
14 verbose stack     at EventEmitter.<anonymous> (/usr/local/lib/node_modules/npm/lib/utils/lifecycle.js:279:16)
14 verbose stack     at emitTwo (events.js:87:13)
14 verbose stack     at EventEmitter.emit (events.js:172:7)
14 verbose stack     at ChildProcess.<anonymous> (/usr/local/lib/node_modules/npm/lib/utils/spawn.js:40:14)
14 verbose stack     at emitTwo (events.js:87:13)
14 verbose stack     at ChildProcess.emit (events.js:172:7)
14 verbose stack     at maybeClose (internal/child_process.js:829:16)
14 verbose stack     at Process.ChildProcess._handle.onexit (internal/child_process.js:211:5)
15 verbose pkgid timer_app@1.0.0
16 verbose cwd /Users/pnowak/Documents/workspace/js/learnjs/frameworks/client/react/fullstack-react-code/book-src-code/time_tracking_app
17 error Darwin 16.3.0
18 error argv "/usr/local/bin/node" "/usr/local/bin/npm" "run" "server"
19 error node v4.6.0
20 error npm  v4.0.5
21 error code ELIFECYCLE
22 error timer_app@1.0.0 server: `babel-node server.js`
22 error Exit status 1
23 error Failed at the timer_app@1.0.0 server script 'babel-node server.js'.
23 error Make sure you have the latest version of node.js and npm installed.
23 error If you do, this is most likely a problem with the timer_app package,
23 error not with npm itself.
23 error Tell the author that this fails on your system:
23 error     babel-node server.js
23 error You can get information on how to open an issue for this project with:
23 error     npm bugs timer_app
23 error Or if that isn't available, you can get their info via:
23 error     npm owner ls timer_app
23 error There is likely additional logging output above.
24 verbose exit [ 1, true ]
