0 info it worked if it ends with ok
1 verbose cli [ 'C:\\PGM\\Executables\\stack\\node\\\\node.exe',
1 verbose cli   'C:\\PGM\\Executables\\stack\\node\\node_modules\\npm\\bin\\npm-cli.js',
1 verbose cli   'run',
1 verbose cli   'server' ]
2 info using npm@3.8.1
3 info using node@v0.12.7
4 verbose run-script [ 'preserver', 'server', 'postserver' ]
5 info lifecycle timer_app@1.0.0~preserver: timer_app@1.0.0
6 silly lifecycle timer_app@1.0.0~preserver: no script for preserver, continuing
7 info lifecycle timer_app@1.0.0~server: timer_app@1.0.0
8 verbose lifecycle timer_app@1.0.0~server: unsafe-perm in lifecycle true
9 verbose lifecycle timer_app@1.0.0~server: PATH: C:\PGM\Executables\stack\node\node_modules\npm\bin\node-gyp-bin;C:\PGM\EVE\js\learnjs\frameworks\client\react\fullstack-react-code\src-my-code\time_tracking_app\node_modules\.bin;C:\PGM\Executables\stack\node;C:\PGM\oracle\product\11.2.0\client_x86\bin;C:\Program Files (x86)\Cuminas\Document Express DjVu Plug-in\;C:\windows\system32;C:\windows;C:\windows\system32\wbem;C:\windows\system32\windowspowershell\v1.0\;C:\windows\system32\windowspowershell\v1.0\;C:\windows\idmu\common;C:\PGM\ZANTAZ\EAS Outlook Addin 6.4.0.2\bin;C:\Program Files (x86)\Common Files\PowerSoft Shared;C:\Program Files (x86)\Microsoft Application Virtualization Client;C:\Program Files\TortoiseSVN\bin;C:\Program Files (x86)\Java\jre7\bin;;C:\windows\System32\WindowsPowerShell\v1.0\;C:\PGM\Executables\stack\node;C:\PGM\Executables\stack\portable-apps\git\bin;C:\PGM\Executables\stack\portable-apps\python;C:\PGM\Executables\stack\portable-apps\mongodb\bin;
10 verbose lifecycle timer_app@1.0.0~server: CWD: C:\PGM\EVE\js\learnjs\frameworks\client\react\fullstack-react-code\src-my-code\time_tracking_app
11 silly lifecycle timer_app@1.0.0~server: Args: [ '/d /s /c', 'babel-node server.js' ]
12 silly lifecycle timer_app@1.0.0~server: Returned: code: 1  signal: null
13 info lifecycle timer_app@1.0.0~server: Failed to exec server script
14 verbose stack Error: timer_app@1.0.0 server: `babel-node server.js`
14 verbose stack Exit status 1
14 verbose stack     at EventEmitter.<anonymous> (C:\PGM\Executables\stack\node\node_modules\npm\lib\utils\lifecycle.js:239:16)
14 verbose stack     at EventEmitter.emit (events.js:110:17)
14 verbose stack     at ChildProcess.<anonymous> (C:\PGM\Executables\stack\node\node_modules\npm\lib\utils\spawn.js:24:14)
14 verbose stack     at ChildProcess.emit (events.js:110:17)
14 verbose stack     at maybeClose (child_process.js:1015:16)
14 verbose stack     at Process.ChildProcess._handle.onexit (child_process.js:1087:5)
15 verbose pkgid timer_app@1.0.0
16 verbose cwd C:\PGM\EVE\js\learnjs\frameworks\client\react\fullstack-react-code\src-my-code\time_tracking_app
17 error Windows_NT 6.1.7601
18 error argv "C:\\PGM\\Executables\\stack\\node\\\\node.exe" "C:\\PGM\\Executables\\stack\\node\\node_modules\\npm\\bin\\npm-cli.js" "run" "server"
19 error node v0.12.7
20 error npm  v3.8.1
21 error code ELIFECYCLE
22 error timer_app@1.0.0 server: `babel-node server.js`
22 error Exit status 1
23 error Failed at the timer_app@1.0.0 server script 'babel-node server.js'.
23 error Make sure you have the latest version of node.js and npm installed.
23 error If you do, this is most likely a problem with the timer_app package,
23 error not with npm itself.
23 error Tell the author that this fails on your system:
23 error     babel-node server.js
23 error You can get information on how to open an issue for this project with:
23 error     npm bugs timer_app
23 error Or if that isn't available, you can get their info via:
23 error     npm owner ls timer_app
23 error There is likely additional logging output above.
24 verbose exit [ 1, true ]
