0 info it worked if it ends with ok
1 verbose cli [ 'C:\\Program Files\\nodejs\\node.exe',
1 verbose cli   'C:\\Program Files\\nodejs\\node_modules\\npm\\bin\\npm-cli.js',
1 verbose cli   'start' ]
2 info using npm@3.10.8
3 info using node@v6.9.1
4 verbose run-script [ 'prestart', 'start', 'poststart' ]
5 info lifecycle timers_app@1.1.0~prestart: timers_app@1.1.0
6 silly lifecycle timers_app@1.1.0~prestart: no script for prestart, continuing
7 info lifecycle timers_app@1.1.0~start: timers_app@1.1.0
8 verbose lifecycle timers_app@1.1.0~start: unsafe-perm in lifecycle true
9 verbose lifecycle timers_app@1.1.0~start: PATH: C:\Program Files\nodejs\node_modules\npm\bin\node-gyp-bin;C:\Users\nowapio\AppData\Local\Local Documents - no backup\Workspace\js\learnjs\frameworks\client\react\fullstack-react-code\second-pass\fullstack-react-code\time_tracking_app\node_modules\.bin;C:\Program Files (x86)\Common Files\Intel\Shared Libraries\redist\intel64\compiler;C:\PGM\oracle\product\11.2.0\client_x86\bin;C:\Program Files (x86)\Cuminas\Document Express DjVu Plug-in\;C:\windows\system32;C:\windows;C:\windows\System32\Wbem;C:\windows\System32\WindowsPowerShell\v1.0\;C:\windows\System32\WindowsPowerShell\v1.0\;C:\windows\idmu\common;C:\Program Files (x86)\Common Files\PowerSoft Shared;C:\Program Files (x86)\Microsoft Application Virtualization Client;C:\Program Files\nodejs\;C:\Program Files\Git\cmd;C:\Program Files\TortoiseSVN\bin;C:\Program Files\SlikSvn\bin;C:\Program Files (x86)\Java\jre7\bin;;C:\Users\nowapio\AppData\Local\npm;C:\Program Files\apache-maven-3.0.4\bin;C:\Program Files\Java\jdk1.7.0_80\bin;C:\Program Files (x86)\Microsoft VS Code\bin
10 verbose lifecycle timers_app@1.1.0~start: CWD: C:\Users\nowapio\AppData\Local\Local Documents - no backup\Workspace\js\learnjs\frameworks\client\react\fullstack-react-code\second-pass\fullstack-react-code\time_tracking_app
11 silly lifecycle timers_app@1.1.0~start: Args: [ '/d /s /c', 'npm run server' ]
12 silly lifecycle timers_app@1.1.0~start: Returned: code: 3221225786  signal: null
13 info lifecycle timers_app@1.1.0~start: Failed to exec start script
14 verbose stack Error: timers_app@1.1.0 start: `npm run server`
14 verbose stack Exit status 3221225786
14 verbose stack     at EventEmitter.<anonymous> (C:\Program Files\nodejs\node_modules\npm\lib\utils\lifecycle.js:255:16)
14 verbose stack     at emitTwo (events.js:106:13)
14 verbose stack     at EventEmitter.emit (events.js:191:7)
14 verbose stack     at ChildProcess.<anonymous> (C:\Program Files\nodejs\node_modules\npm\lib\utils\spawn.js:40:14)
14 verbose stack     at emitTwo (events.js:106:13)
14 verbose stack     at ChildProcess.emit (events.js:191:7)
14 verbose stack     at maybeClose (internal/child_process.js:877:16)
14 verbose stack     at Process.ChildProcess._handle.onexit (internal/child_process.js:226:5)
15 verbose pkgid timers_app@1.1.0
16 verbose cwd C:\Users\nowapio\AppData\Local\Local Documents - no backup\Workspace\js\learnjs\frameworks\client\react\fullstack-react-code\second-pass\fullstack-react-code\time_tracking_app
17 error Windows_NT 6.1.7601
18 error argv "C:\\Program Files\\nodejs\\node.exe" "C:\\Program Files\\nodejs\\node_modules\\npm\\bin\\npm-cli.js" "start"
19 error node v6.9.1
20 error npm  v3.10.8
21 error code ELIFECYCLE
22 error timers_app@1.1.0 start: `npm run server`
22 error Exit status 3221225786
23 error Failed at the timers_app@1.1.0 start script 'npm run server'.
23 error Make sure you have the latest version of node.js and npm installed.
23 error If you do, this is most likely a problem with the timers_app package,
23 error not with npm itself.
23 error Tell the author that this fails on your system:
23 error     npm run server
23 error You can get information on how to open an issue for this project with:
23 error     npm bugs timers_app
23 error Or if that isn't available, you can get their info via:
23 error     npm owner ls timers_app
23 error There is likely additional logging output above.
24 verbose exit [ 1, true ]
