0 info it worked if it ends with ok
1 verbose cli [ '/usr/local/bin/node', '/usr/local/bin/npm', 'run', 'server' ]
2 info using npm@4.0.5
3 info using node@v4.6.0
4 verbose run-script [ 'preserver', 'server', 'postserver' ]
5 info lifecycle voting_app@1.0.1~preserver: voting_app@1.0.1
6 silly lifecycle voting_app@1.0.1~preserver: no script for preserver, continuing
7 info lifecycle voting_app@1.0.1~server: voting_app@1.0.1
8 verbose lifecycle voting_app@1.0.1~server: unsafe-perm in lifecycle true
9 verbose lifecycle voting_app@1.0.1~server: PATH: /usr/local/lib/node_modules/npm/bin/node-gyp-bin:/Users/pnowak/Documents/workspace/js/learnjs/frameworks/client/react/fullstack-react-code/book-src-code/advanced-components-configuration/node_modules/.bin:/usr/local/bin:/usr/bin:/bin:/usr/sbin:/sbin
10 verbose lifecycle voting_app@1.0.1~server: CWD: /Users/pnowak/Documents/workspace/js/learnjs/frameworks/client/react/fullstack-react-code/book-src-code/advanced-components-configuration
11 silly lifecycle voting_app@1.0.1~server: Args: [ '-c', 'http-server . -p 3000' ]
12 silly lifecycle voting_app@1.0.1~server: Returned: code: 1  signal: null
13 info lifecycle voting_app@1.0.1~server: Failed to exec server script
14 verbose stack Error: voting_app@1.0.1 server: `http-server . -p 3000`
14 verbose stack Exit status 1
14 verbose stack     at EventEmitter.<anonymous> (/usr/local/lib/node_modules/npm/lib/utils/lifecycle.js:279:16)
14 verbose stack     at emitTwo (events.js:87:13)
14 verbose stack     at EventEmitter.emit (events.js:172:7)
14 verbose stack     at ChildProcess.<anonymous> (/usr/local/lib/node_modules/npm/lib/utils/spawn.js:40:14)
14 verbose stack     at emitTwo (events.js:87:13)
14 verbose stack     at ChildProcess.emit (events.js:172:7)
14 verbose stack     at maybeClose (internal/child_process.js:829:16)
14 verbose stack     at Process.ChildProcess._handle.onexit (internal/child_process.js:211:5)
15 verbose pkgid voting_app@1.0.1
16 verbose cwd /Users/pnowak/Documents/workspace/js/learnjs/frameworks/client/react/fullstack-react-code/book-src-code/advanced-components-configuration
17 error Darwin 16.3.0
18 error argv "/usr/local/bin/node" "/usr/local/bin/npm" "run" "server"
19 error node v4.6.0
20 error npm  v4.0.5
21 error code ELIFECYCLE
22 error voting_app@1.0.1 server: `http-server . -p 3000`
22 error Exit status 1
23 error Failed at the voting_app@1.0.1 server script 'http-server . -p 3000'.
23 error Make sure you have the latest version of node.js and npm installed.
23 error If you do, this is most likely a problem with the voting_app package,
23 error not with npm itself.
23 error Tell the author that this fails on your system:
23 error     http-server . -p 3000
23 error You can get information on how to open an issue for this project with:
23 error     npm bugs voting_app
23 error Or if that isn't available, you can get their info via:
23 error     npm owner ls voting_app
23 error There is likely additional logging output above.
24 verbose exit [ 1, true ]
